# JRE version: OpenJDK Runtime Environment (7.0_65-b32) (build 1.7.0_65-b32)
# Java VM: OpenJDK 64-Bit Server VM (24.65-b04 mixed mode linux-amd64 compressed oops)
Heap
 PSYoungGen      total 223744K, used 7584K [0x00000000eaa80000, 0x0000000100000000, 0x0000000100000000)
  eden space 147968K, 0% used [0x00000000eaa80000,0x00000000eaa80000,0x00000000f3b00000)
  from space 75776K, 10% used [0x00000000fb600000,0x00000000fbd682d8,0x0000000100000000)
  to   space 100864K, 0% used [0x00000000f3b00000,0x00000000f3b00000,0x00000000f9d80000)
 ParOldGen       total 153600K, used 153351K [0x00000000c0000000, 0x00000000c9600000, 0x00000000eaa80000)
  object space 153600K, 99% used [0x00000000c0000000,0x00000000c95c1fb0,0x00000000c9600000)
 PSPermGen       total 21504K, used 6008K [0x00000000b5a00000, 0x00000000b6f00000, 0x00000000c0000000)
  object space 21504K, 27% used [0x00000000b5a00000,0x00000000b5fde108,0x00000000b6f00000)
GC Heap History (10 events):
Event: 57.681 GC heap after
Heap after GC invocations=16 (full 4):
 PSYoungGen      total 283648K, used 0K [0x00000000eaa80000, 0x0000000100000000, 0x0000000100000000)
  eden space 219648K, 0% used [0x00000000eaa80000,0x00000000eaa80000,0x00000000f8100000)
  from space 64000K, 0% used [0x00000000fc180000,0x00000000fc180000,0x0000000100000000)
  to   space 65024K, 0% used [0x00000000f8100000,0x00000000f8100000,0x00000000fc080000)
 ParOldGen       total 153600K, used 82163K [0x00000000c0000000, 0x00000000c9600000, 0x00000000eaa80000)
  object space 153600K, 53% used [0x00000000c0000000,0x00000000c503cf50,0x00000000c9600000)
 PSPermGen       total 21504K, used 5693K [0x00000000b5a00000, 0x00000000b6f00000, 0x00000000c0000000)
  object space 21504K, 26% used [0x00000000b5a00000,0x00000000b5f8f4a8,0x00000000b6f00000)
}
Event: 67.592 GC heap before
{Heap before GC invocations=17 (full 4):
 PSYoungGen      total 283648K, used 219648K [0x00000000eaa80000, 0x0000000100000000, 0x0000000100000000)
  eden space 219648K, 100% used [0x00000000eaa80000,0x00000000f8100000,0x00000000f8100000)
  from space 64000K, 0% used [0x00000000fc180000,0x00000000fc180000,0x0000000100000000)
  to   space 65024K, 0% used [0x00000000f8100000,0x00000000f8100000,0x00000000fc080000)
 ParOldGen       total 153600K, used 82163K [0x00000000c0000000, 0x00000000c9600000, 0x00000000eaa80000)
  object space 153600K, 53% used [0x00000000c0000000,0x00000000c503cf50,0x00000000c9600000)
 PSPermGen       total 21504K, used 5694K [0x00000000b5a00000, 0x00000000b6f00000, 0x00000000c0000000)
  object space 21504K, 26% used [0x00000000b5a00000,0x00000000b5f8f870,0x00000000b6f00000)
Event: 67.712 GC heap after
Heap after GC invocations=17 (full 4):
 PSYoungGen      total 268288K, used 48231K [0x00000000eaa80000, 0x0000000100000000, 0x0000000100000000)
  eden space 219648K, 0% used [0x00000000eaa80000,0x00000000eaa80000,0x00000000f8100000)
  from space 48640K, 99% used [0x00000000f8100000,0x00000000fb019c10,0x00000000fb080000)
  to   space 68608K, 0% used [0x00000000fbd00000,0x00000000fbd00000,0x0000000100000000)
 ParOldGen       total 153600K, used 82163K [0x00000000c0000000, 0x00000000c9600000, 0x00000000eaa80000)
  object space 153600K, 53% used [0x00000000c0000000,0x00000000c503cf50,0x00000000c9600000)
 PSPermGen       total 21504K, used 5694K [0x00000000b5a00000, 0x00000000b6f00000, 0x00000000c0000000)
  object space 21504K, 26% used [0x00000000b5a00000,0x00000000b5f8f870,0x00000000b6f00000)
}
Event: 76.471 GC heap before
{Heap before GC invocations=18 (full 4):
 PSYoungGen      total 268288K, used 267879K [0x00000000eaa80000, 0x0000000100000000, 0x0000000100000000)
  eden space 219648K, 100% used [0x00000000eaa80000,0x00000000f8100000,0x00000000f8100000)
  from space 48640K, 99% used [0x00000000f8100000,0x00000000fb019c10,0x00000000fb080000)
  to   space 68608K, 0% used [0x00000000fbd00000,0x00000000fbd00000,0x0000000100000000)
 ParOldGen       total 153600K, used 82163K [0x00000000c0000000, 0x00000000c9600000, 0x00000000eaa80000)
  object space 153600K, 53% used [0x00000000c0000000,0x00000000c503cf50,0x00000000c9600000)
 PSPermGen       total 21504K, used 5890K [0x00000000b5a00000, 0x00000000b6f00000, 0x00000000c0000000)
  object space 21504K, 27% used [0x00000000b5a00000,0x00000000b5fc0a88,0x00000000b6f00000)
Event: 76.633 GC heap after
Heap after GC invocations=18 (full 4):
 PSYoungGen      total 266752K, used 61860K [0x00000000eaa80000, 0x0000000100000000, 0x0000000100000000)
  eden space 198144K, 0% used [0x00000000eaa80000,0x00000000eaa80000,0x00000000f6c00000)
  from space 68608K, 90% used [0x00000000fbd00000,0x00000000ff969118,0x0000000100000000)
  to   space 75776K, 0% used [0x00000000f6c00000,0x00000000f6c00000,0x00000000fb600000)
 ParOldGen       total 153600K, used 82163K [0x00000000c0000000, 0x00000000c9600000, 0x00000000eaa80000)
  object space 153600K, 53% used [0x00000000c0000000,0x00000000c503cf50,0x00000000c9600000)
 PSPermGen       total 21504K, used 5890K [0x00000000b5a00000, 0x00000000b6f00000, 0x00000000c0000000)
  object space 21504K, 27% used [0x00000000b5a00000,0x00000000b5fc0a88,0x00000000b6f00000)
}
Event: 80.751 GC heap before
{Heap before GC invocations=19 (full 4):
 PSYoungGen      total 266752K, used 260004K [0x00000000eaa80000, 0x0000000100000000, 0x0000000100000000)
  eden space 198144K, 100% used [0x00000000eaa80000,0x00000000f6c00000,0x00000000f6c00000)
  from space 68608K, 90% used [0x00000000fbd00000,0x00000000ff969118,0x0000000100000000)
  to   space 75776K, 0% used [0x00000000f6c00000,0x00000000f6c00000,0x00000000fb600000)
 ParOldGen       total 153600K, used 82163K [0x00000000c0000000, 0x00000000c9600000, 0x00000000eaa80000)
  object space 153600K, 53% used [0x00000000c0000000,0x00000000c503cf50,0x00000000c9600000)
 PSPermGen       total 21504K, used 5970K [0x00000000b5a00000, 0x00000000b6f00000, 0x00000000c0000000)
  object space 21504K, 27% used [0x00000000b5a00000,0x00000000b5fd4b90,0x00000000b6f00000)
Event: 81.024 GC heap after
Heap after GC invocations=19 (full 4):
 PSYoungGen      total 273920K, used 75762K [0x00000000eaa80000, 0x0000000100000000, 0x0000000100000000)
  eden space 198144K, 0% used [0x00000000eaa80000,0x00000000eaa80000,0x00000000f6c00000)
  from space 75776K, 99% used [0x00000000f6c00000,0x00000000fb5fc8a8,0x00000000fb600000)
  to   space 75776K, 0% used [0x00000000fb600000,0x00000000fb600000,0x0000000100000000)
 ParOldGen       total 153600K, used 99590K [0x00000000c0000000, 0x00000000c9600000, 0x00000000eaa80000)
  object space 153600K, 64% used [0x00000000c0000000,0x00000000c6141b70,0x00000000c9600000)
 PSPermGen       total 21504K, used 5970K [0x00000000b5a00000, 0x00000000b6f00000, 0x00000000c0000000)
  object space 21504K, 27% used [0x00000000b5a00000,0x00000000b5fd4b90,0x00000000b6f00000)
}
Event: 83.590 GC heap before
{Heap before GC invocations=20 (full 4):
 PSYoungGen      total 273920K, used 273906K [0x00000000eaa80000, 0x0000000100000000, 0x0000000100000000)
  eden space 198144K, 100% used [0x00000000eaa80000,0x00000000f6c00000,0x00000000f6c00000)
  from space 75776K, 99% used [0x00000000f6c00000,0x00000000fb5fc8a8,0x00000000fb600000)
  to   space 75776K, 0% used [0x00000000fb600000,0x00000000fb600000,0x0000000100000000)
 ParOldGen       total 153600K, used 99590K [0x00000000c0000000, 0x00000000c9600000, 0x00000000eaa80000)
  object space 153600K, 64% used [0x00000000c0000000,0x00000000c6141b70,0x00000000c9600000)
 PSPermGen       total 21504K, used 6012K [0x00000000b5a00000, 0x00000000b6f00000, 0x00000000c0000000)
  object space 21504K, 27% used [0x00000000b5a00000,0x00000000b5fdf228,0x00000000b6f00000)
Event: 83.838 GC heap after
Heap after GC invocations=20 (full 4):
 PSYoungGen      total 223744K, used 75262K [0x00000000eaa80000, 0x0000000100000000, 0x0000000100000000)
  eden space 147968K, 0% used [0x00000000eaa80000,0x00000000eaa80000,0x00000000f3b00000)
  from space 75776K, 99% used [0x00000000fb600000,0x00000000fff7fa50,0x0000000100000000)
  to   space 100864K, 0% used [0x00000000f3b00000,0x00000000f3b00000,0x00000000f9d80000)
 ParOldGen       total 153600K, used 128722K [0x00000000c0000000, 0x00000000c9600000, 0x00000000eaa80000)
  object space 153600K, 83% used [0x00000000c0000000,0x00000000c7db4a78,0x00000000c9600000)
 PSPermGen       total 21504K, used 6012K [0x00000000b5a00000, 0x00000000b6f00000, 0x00000000c0000000)
  object space 21504K, 27% used [0x00000000b5a00000,0x00000000b5fdf228,0x00000000b6f00000)
}
Event: 83.838 GC heap before
{Heap before GC invocations=21 (full 5):
 PSYoungGen      total 223744K, used 75262K [0x00000000eaa80000, 0x0000000100000000, 0x0000000100000000)
  eden space 147968K, 0% used [0x00000000eaa80000,0x00000000eaa80000,0x00000000f3b00000)
  from space 75776K, 99% used [0x00000000fb600000,0x00000000fff7fa50,0x0000000100000000)
  to   space 100864K, 0% used [0x00000000f3b00000,0x00000000f3b00000,0x00000000f9d80000)
 ParOldGen       total 153600K, used 128722K [0x00000000c0000000, 0x00000000c9600000, 0x00000000eaa80000)
  object space 153600K, 83% used [0x00000000c0000000,0x00000000c7db4a78,0x00000000c9600000)
 PSPermGen       total 21504K, used 6012K [0x00000000b5a00000, 0x00000000b6f00000, 0x00000000c0000000)
  object space 21504K, 27% used [0x00000000b5a00000,0x00000000b5fdf228,0x00000000b6f00000)

