# JRE version: OpenJDK Runtime Environment (7.0_65-b32) (build 1.7.0_65-b32)
# Java VM: OpenJDK 64-Bit Server VM (24.65-b04 mixed mode linux-amd64 compressed oops)
Heap
 PSYoungGen      total 248832K, used 5807K [0x00000000eaa80000, 0x0000000100000000, 0x0000000100000000)
  eden space 144896K, 0% used [0x00000000eaa80000,0x00000000eaa80000,0x00000000f3800000)
  from space 103936K, 5% used [0x00000000f9a80000,0x00000000fa02bf08,0x0000000100000000)
  to   space 100864K, 0% used [0x00000000f3800000,0x00000000f3800000,0x00000000f9a80000)
 ParOldGen       total 178688K, used 178687K [0x00000000c0000000, 0x00000000cae80000, 0x00000000eaa80000)
  object space 178688K, 99% used [0x00000000c0000000,0x00000000cae7ff18,0x00000000cae80000)
 PSPermGen       total 21504K, used 6024K [0x00000000b5a00000, 0x00000000b6f00000, 0x00000000c0000000)
  object space 21504K, 28% used [0x00000000b5a00000,0x00000000b5fe20f8,0x00000000b6f00000)
GC Heap History (10 events):
Event: 65.722 GC heap after
Heap after GC invocations=20 (full 4):
 PSYoungGen      total 268288K, used 58126K [0x00000000eaa80000, 0x0000000100000000, 0x0000000100000000)
  eden space 201216K, 0% used [0x00000000eaa80000,0x00000000eaa80000,0x00000000f6f00000)
  from space 67072K, 86% used [0x00000000fbe80000,0x00000000ff7439b0,0x0000000100000000)
  to   space 74240K, 0% used [0x00000000f6f00000,0x00000000f6f00000,0x00000000fb780000)
 ParOldGen       total 152064K, used 90528K [0x00000000c0000000, 0x00000000c9480000, 0x00000000eaa80000)
  object space 152064K, 59% used [0x00000000c0000000,0x00000000c58680e8,0x00000000c9480000)
 PSPermGen       total 21504K, used 5694K [0x00000000b5a00000, 0x00000000b6f00000, 0x00000000c0000000)
  object space 21504K, 26% used [0x00000000b5a00000,0x00000000b5f8f9e0,0x00000000b6f00000)
}
Event: 83.693 GC heap before
{Heap before GC invocations=21 (full 4):
 PSYoungGen      total 268288K, used 259342K [0x00000000eaa80000, 0x0000000100000000, 0x0000000100000000)
  eden space 201216K, 100% used [0x00000000eaa80000,0x00000000f6f00000,0x00000000f6f00000)
  from space 67072K, 86% used [0x00000000fbe80000,0x00000000ff7439b0,0x0000000100000000)
  to   space 74240K, 0% used [0x00000000f6f00000,0x00000000f6f00000,0x00000000fb780000)
 ParOldGen       total 152064K, used 90528K [0x00000000c0000000, 0x00000000c9480000, 0x00000000eaa80000)
  object space 152064K, 59% used [0x00000000c0000000,0x00000000c58680e8,0x00000000c9480000)
 PSPermGen       total 21504K, used 5898K [0x00000000b5a00000, 0x00000000b6f00000, 0x00000000c0000000)
  object space 21504K, 27% used [0x00000000b5a00000,0x00000000b5fc2948,0x00000000b6f00000)
Event: 86.017 GC heap after
Heap after GC invocations=21 (full 4):
 PSYoungGen      total 257024K, used 55611K [0x00000000eaa80000, 0x0000000100000000, 0x0000000100000000)
  eden space 201216K, 0% used [0x00000000eaa80000,0x00000000eaa80000,0x00000000f6f00000)
  from space 55808K, 99% used [0x00000000f6f00000,0x00000000fa54ed90,0x00000000fa580000)
  to   space 78848K, 0% used [0x00000000fb300000,0x00000000fb300000,0x0000000100000000)
 ParOldGen       total 152064K, used 90528K [0x00000000c0000000, 0x00000000c9480000, 0x00000000eaa80000)
  object space 152064K, 59% used [0x00000000c0000000,0x00000000c58680e8,0x00000000c9480000)
 PSPermGen       total 21504K, used 5898K [0x00000000b5a00000, 0x00000000b6f00000, 0x00000000c0000000)
  object space 21504K, 27% used [0x00000000b5a00000,0x00000000b5fc2948,0x00000000b6f00000)
}
Event: 90.549 GC heap before
{Heap before GC invocations=22 (full 4):
 PSYoungGen      total 257024K, used 256827K [0x00000000eaa80000, 0x0000000100000000, 0x0000000100000000)
  eden space 201216K, 100% used [0x00000000eaa80000,0x00000000f6f00000,0x00000000f6f00000)
  from space 55808K, 99% used [0x00000000f6f00000,0x00000000fa54ed90,0x00000000fa580000)
  to   space 78848K, 0% used [0x00000000fb300000,0x00000000fb300000,0x0000000100000000)
 ParOldGen       total 152064K, used 90528K [0x00000000c0000000, 0x00000000c9480000, 0x00000000eaa80000)
  object space 152064K, 59% used [0x00000000c0000000,0x00000000c58680e8,0x00000000c9480000)
 PSPermGen       total 21504K, used 5975K [0x00000000b5a00000, 0x00000000b6f00000, 0x00000000c0000000)
  object space 21504K, 27% used [0x00000000b5a00000,0x00000000b5fd5e48,0x00000000b6f00000)
Event: 90.793 GC heap after
Heap after GC invocations=22 (full 4):
 PSYoungGen      total 240128K, used 78828K [0x00000000eaa80000, 0x0000000100000000, 0x0000000100000000)
  eden space 161280K, 0% used [0x00000000eaa80000,0x00000000eaa80000,0x00000000f4800000)
  from space 78848K, 99% used [0x00000000fb300000,0x00000000ffffb188,0x0000000100000000)
  to   space 94208K, 0% used [0x00000000f4800000,0x00000000f4800000,0x00000000fa400000)
 ParOldGen       total 152064K, used 99122K [0x00000000c0000000, 0x00000000c9480000, 0x00000000eaa80000)
  object space 152064K, 65% used [0x00000000c0000000,0x00000000c60cc828,0x00000000c9480000)
 PSPermGen       total 21504K, used 5975K [0x00000000b5a00000, 0x00000000b6f00000, 0x00000000c0000000)
  object space 21504K, 27% used [0x00000000b5a00000,0x00000000b5fd5e48,0x00000000b6f00000)
}
Event: 93.476 GC heap before
{Heap before GC invocations=23 (full 4):
 PSYoungGen      total 240128K, used 240108K [0x00000000eaa80000, 0x0000000100000000, 0x0000000100000000)
  eden space 161280K, 100% used [0x00000000eaa80000,0x00000000f4800000,0x00000000f4800000)
  from space 78848K, 99% used [0x00000000fb300000,0x00000000ffffb188,0x0000000100000000)
  to   space 94208K, 0% used [0x00000000f4800000,0x00000000f4800000,0x00000000fa400000)
 ParOldGen       total 152064K, used 99122K [0x00000000c0000000, 0x00000000c9480000, 0x00000000eaa80000)
  object space 152064K, 65% used [0x00000000c0000000,0x00000000c60cc828,0x00000000c9480000)
 PSPermGen       total 21504K, used 6008K [0x00000000b5a00000, 0x00000000b6f00000, 0x00000000c0000000)
  object space 21504K, 27% used [0x00000000b5a00000,0x00000000b5fde0e8,0x00000000b6f00000)
Event: 94.481 GC heap after
Heap after GC invocations=23 (full 4):
 PSYoungGen      total 242688K, used 80947K [0x00000000eaa80000, 0x0000000100000000, 0x0000000100000000)
  eden space 161280K, 0% used [0x00000000eaa80000,0x00000000eaa80000,0x00000000f4800000)
  from space 81408K, 99% used [0x00000000f4800000,0x00000000f970ce60,0x00000000f9780000)
  to   space 103936K, 0% used [0x00000000f9a80000,0x00000000f9a80000,0x0000000100000000)
 ParOldGen       total 152064K, used 121028K [0x00000000c0000000, 0x00000000c9480000, 0x00000000eaa80000)
  object space 152064K, 79% used [0x00000000c0000000,0x00000000c7631190,0x00000000c9480000)
 PSPermGen       total 21504K, used 6008K [0x00000000b5a00000, 0x00000000b6f00000, 0x00000000c0000000)
  object space 21504K, 27% used [0x00000000b5a00000,0x00000000b5fde0e8,0x00000000b6f00000)
}
Event: 97.033 GC heap before
{Heap before GC invocations=24 (full 4):
 PSYoungGen      total 242688K, used 242227K [0x00000000eaa80000, 0x0000000100000000, 0x0000000100000000)
  eden space 161280K, 100% used [0x00000000eaa80000,0x00000000f4800000,0x00000000f4800000)
  from space 81408K, 99% used [0x00000000f4800000,0x00000000f970ce60,0x00000000f9780000)
  to   space 103936K, 0% used [0x00000000f9a80000,0x00000000f9a80000,0x0000000100000000)
 ParOldGen       total 152064K, used 121028K [0x00000000c0000000, 0x00000000c9480000, 0x00000000eaa80000)
  object space 152064K, 79% used [0x00000000c0000000,0x00000000c7631190,0x00000000c9480000)
 PSPermGen       total 21504K, used 6028K [0x00000000b5a00000, 0x00000000b6f00000, 0x00000000c0000000)
  object space 21504K, 28% used [0x00000000b5a00000,0x00000000b5fe3298,0x00000000b6f00000)
Event: 98.904 GC heap after
Heap after GC invocations=24 (full 4):
 PSYoungGen      total 248832K, used 50966K [0x00000000eaa80000, 0x0000000100000000, 0x0000000100000000)
  eden space 144896K, 0% used [0x00000000eaa80000,0x00000000eaa80000,0x00000000f3800000)
  from space 103936K, 49% used [0x00000000f9a80000,0x00000000fcc459a0,0x0000000100000000)
  to   space 100864K, 0% used [0x00000000f3800000,0x00000000f3800000,0x00000000f9a80000)
 ParOldGen       total 178688K, used 178067K [0x00000000c0000000, 0x00000000cae80000, 0x00000000eaa80000)
  object space 178688K, 99% used [0x00000000c0000000,0x00000000cade4e90,0x00000000cae80000)
 PSPermGen       total 21504K, used 6028K [0x00000000b5a00000, 0x00000000b6f00000, 0x00000000c0000000)
  object space 21504K, 28% used [0x00000000b5a00000,0x00000000b5fe3298,0x00000000b6f00000)
}
Event: 99.393 GC heap before
{Heap before GC invocations=25 (full 5):
 PSYoungGen      total 248832K, used 50966K [0x00000000eaa80000, 0x0000000100000000, 0x0000000100000000)
  eden space 144896K, 0% used [0x00000000eaa80000,0x00000000eaa80000,0x00000000f3800000)
  from space 103936K, 49% used [0x00000000f9a80000,0x00000000fcc459a0,0x0000000100000000)
  to   space 100864K, 0% used [0x00000000f3800000,0x00000000f3800000,0x00000000f9a80000)
 ParOldGen       total 178688K, used 178067K [0x00000000c0000000, 0x00000000cae80000, 0x00000000eaa80000)
  object space 178688K, 99% used [0x00000000c0000000,0x00000000cade4e90,0x00000000cae80000)
 PSPermGen       total 21504K, used 6028K [0x00000000b5a00000, 0x00000000b6f00000, 0x00000000c0000000)
  object space 21504K, 28% used [0x00000000b5a00000,0x00000000b5fe3298,0x00000000b6f00000)

